<?xml version="1.0" encoding="UTF-8"?>
<!-- Generated by org.testng.reporters.JUnitXMLReporter -->
<testsuite ignored="0" hostname="LAPTOP-UE1RUID6" failures="0" tests="3" name="Submit Order Test" time="19.14" errors="0" timestamp="2023-08-20T11:23:33 IST">
  <testcase classname="CompanyName.Tests.SubmitOrderTest" name="SubmitOrder" time="6.292"/>
  <testcase classname="CompanyName.Tests.SubmitOrderTest" name="SubmitOrder" time="5.374"/>
  <testcase classname="CompanyName.Tests.SubmitOrderTest" name="orderHistorytest" time="0.657"/>
</testsuite> <!-- Submit Order Test -->
