<?xml version="1.0" encoding="UTF-8"?>
<!-- Generated by org.testng.reporters.JUnitXMLReporter -->
<testsuite ignored="0" hostname="LAPTOP-UE1RUID6" failures="0" tests="2" name="Error Validation Test" time="10.736" errors="0" timestamp="2023-08-24T12:00:00 IST">
  <testcase classname="CompanyName.Tests.ErrorValidations" name="ProductErrorValidation" time="2.141"/>
  <testcase classname="CompanyName.Tests.ErrorValidations" name="loginErrorValidation" time="0.906"/>
</testsuite> <!-- Error Validation Test -->
