<?xml version="1.0" encoding="UTF-8"?>
<!-- Generated by org.testng.reporters.JUnitXMLReporter -->
<testsuite ignored="0" hostname="LAPTOP-UE1RUID6" failures="0" tests="3" name="Submit Order Test" time="21.685" errors="0" timestamp="2023-08-24T12:00:11 IST">
  <testcase classname="CompanyName.Tests.SubmitOrderTest" name="SubmitOrder" time="5.785"/>
  <testcase classname="CompanyName.Tests.SubmitOrderTest" name="SubmitOrder" time="5.218"/>
  <testcase classname="CompanyName.Tests.SubmitOrderTest" name="orderHistorytest" time="0.553"/>
</testsuite> <!-- Submit Order Test -->
