<?xml version="1.0" encoding="UTF-8"?>
<testng-results ignored="0" total="5" passed="5" failed="0" skipped="0">
  <reporter-output>
  </reporter-output>
  <suite started-at="2023-08-24T11:59:49 IST" name="Suite" finished-at="2023-08-24T12:00:11 IST" duration-ms="21685">
    <groups>
      <group name="ErrorHandling">
        <method signature="ErrorValidations.loginErrorValidation()[pri:0, instance:CompanyName.Tests.ErrorValidations@1a4927d6]" name="loginErrorValidation" class="CompanyName.Tests.ErrorValidations"/>
      </group> <!-- ErrorHandling -->
      <group name="Purchase">
        <method signature="SubmitOrderTest.SubmitOrder(java.util.HashMap)[pri:0, instance:CompanyName.Tests.SubmitOrderTest@609e8838]" name="SubmitOrder" class="CompanyName.Tests.SubmitOrderTest"/>
      </group> <!-- Purchase -->
    </groups>
    <test started-at="2023-08-24T11:59:49 IST" name="Error Validation Test" finished-at="2023-08-24T12:00:00 IST" duration-ms="10736">
      <class name="CompanyName.Tests.ErrorValidations">
        <test-method is-config="true" signature="launchApplication()[pri:0, instance:CompanyName.Tests.ErrorValidations@1a4927d6]" started-at="2023-08-24T11:59:50 IST" name="launchApplication" finished-at="2023-08-24T11:59:55 IST" duration-ms="5022" status="PASS">
          <reporter-output>
          </reporter-output>
        </test-method> <!-- launchApplication -->
        <test-method signature="ProductErrorValidation()[pri:0, instance:CompanyName.Tests.ErrorValidations@1a4927d6]" started-at="2023-08-24T11:59:55 IST" name="ProductErrorValidation" finished-at="2023-08-24T11:59:57 IST" duration-ms="2141" status="PASS">
          <reporter-output>
          </reporter-output>
        </test-method> <!-- ProductErrorValidation -->
        <test-method is-config="true" signature="tearDown()[pri:0, instance:CompanyName.Tests.ErrorValidations@1a4927d6]" started-at="2023-08-24T11:59:57 IST" name="tearDown" finished-at="2023-08-24T11:59:57 IST" duration-ms="192" status="PASS">
          <reporter-output>
          </reporter-output>
        </test-method> <!-- tearDown -->
        <test-method is-config="true" signature="launchApplication()[pri:0, instance:CompanyName.Tests.ErrorValidations@1a4927d6]" started-at="2023-08-24T11:59:57 IST" name="launchApplication" finished-at="2023-08-24T11:59:59 IST" duration-ms="2314" status="PASS">
          <reporter-output>
          </reporter-output>
        </test-method> <!-- launchApplication -->
        <test-method signature="loginErrorValidation()[pri:0, instance:CompanyName.Tests.ErrorValidations@1a4927d6]" started-at="2023-08-24T11:59:59 IST" name="loginErrorValidation" finished-at="2023-08-24T12:00:00 IST" duration-ms="906" status="PASS">
          <reporter-output>
          </reporter-output>
        </test-method> <!-- loginErrorValidation -->
        <test-method is-config="true" signature="tearDown()[pri:0, instance:CompanyName.Tests.ErrorValidations@1a4927d6]" started-at="2023-08-24T12:00:00 IST" name="tearDown" finished-at="2023-08-24T12:00:00 IST" duration-ms="118" status="PASS">
          <reporter-output>
          </reporter-output>
        </test-method> <!-- tearDown -->
      </class> <!-- CompanyName.Tests.ErrorValidations -->
    </test> <!-- Error Validation Test -->
    <test started-at="2023-08-24T11:59:49 IST" name="Submit Order Test" finished-at="2023-08-24T12:00:11 IST" duration-ms="21685">
      <class name="CompanyName.Tests.SubmitOrderTest">
        <test-method is-config="true" signature="launchApplication()[pri:0, instance:CompanyName.Tests.SubmitOrderTest@609e8838]" started-at="2023-08-24T11:59:50 IST" name="launchApplication" finished-at="2023-08-24T11:59:55 IST" duration-ms="5299" status="PASS">
          <reporter-output>
          </reporter-output>
        </test-method> <!-- launchApplication -->
        <test-method signature="SubmitOrder(java.util.HashMap)[pri:0, instance:CompanyName.Tests.SubmitOrderTest@609e8838]" started-at="2023-08-24T11:59:55 IST" name="SubmitOrder" data-provider="getData" finished-at="2023-08-24T12:00:01 IST" duration-ms="5785" status="PASS">
          <params>
            <param index="0">
              <value>
                <![CDATA[{password=Ab@12345, email=ab@example.com, productName=ZARA COAT 3}]]>
              </value>
            </param>
          </params>
          <reporter-output>
          </reporter-output>
        </test-method> <!-- SubmitOrder -->
        <test-method is-config="true" signature="tearDown()[pri:0, instance:CompanyName.Tests.SubmitOrderTest@609e8838]" started-at="2023-08-24T12:00:01 IST" name="tearDown" finished-at="2023-08-24T12:00:01 IST" duration-ms="167" status="PASS">
          <reporter-output>
          </reporter-output>
        </test-method> <!-- tearDown -->
        <test-method is-config="true" signature="launchApplication()[pri:0, instance:CompanyName.Tests.SubmitOrderTest@609e8838]" started-at="2023-08-24T12:00:01 IST" name="launchApplication" finished-at="2023-08-24T12:00:04 IST" duration-ms="2636" status="PASS">
          <reporter-output>
          </reporter-output>
        </test-method> <!-- launchApplication -->
        <test-method signature="SubmitOrder(java.util.HashMap)[pri:0, instance:CompanyName.Tests.SubmitOrderTest@609e8838]" started-at="2023-08-24T12:00:04 IST" name="SubmitOrder" data-provider="getData" finished-at="2023-08-24T12:00:09 IST" duration-ms="5218" status="PASS">
          <params>
            <param index="0">
              <value>
                <![CDATA[{password=Ab@12345, email=ab@t.com, productName=ADIDAS ORIGINAL}]]>
              </value>
            </param>
          </params>
          <reporter-output>
          </reporter-output>
        </test-method> <!-- SubmitOrder -->
        <test-method is-config="true" signature="tearDown()[pri:0, instance:CompanyName.Tests.SubmitOrderTest@609e8838]" started-at="2023-08-24T12:00:09 IST" name="tearDown" finished-at="2023-08-24T12:00:09 IST" duration-ms="132" status="PASS">
          <reporter-output>
          </reporter-output>
        </test-method> <!-- tearDown -->
        <test-method is-config="true" signature="launchApplication()[pri:0, instance:CompanyName.Tests.SubmitOrderTest@609e8838]" started-at="2023-08-24T12:00:09 IST" name="launchApplication" finished-at="2023-08-24T12:00:10 IST" duration-ms="1545" status="PASS">
          <reporter-output>
          </reporter-output>
        </test-method> <!-- launchApplication -->
        <test-method signature="orderHistorytest()[pri:0, instance:CompanyName.Tests.SubmitOrderTest@609e8838]" started-at="2023-08-24T12:00:10 IST" name="orderHistorytest" finished-at="2023-08-24T12:00:11 IST" depends-on-methods="CompanyName.Tests.SubmitOrderTest.SubmitOrder" duration-ms="553" status="PASS">
          <reporter-output>
          </reporter-output>
        </test-method> <!-- orderHistorytest -->
        <test-method is-config="true" signature="tearDown()[pri:0, instance:CompanyName.Tests.SubmitOrderTest@609e8838]" started-at="2023-08-24T12:00:11 IST" name="tearDown" finished-at="2023-08-24T12:00:11 IST" duration-ms="114" status="PASS">
          <reporter-output>
          </reporter-output>
        </test-method> <!-- tearDown -->
      </class> <!-- CompanyName.Tests.SubmitOrderTest -->
    </test> <!-- Submit Order Test -->
  </suite> <!-- Suite -->
</testng-results>
